{"numTotalTestSuites":23,"numPassedTestSuites":23,"numFailedTestSuites":0,"numPendingTestSuites":0,"numTotalTests":23,"numPassedTests":23,"numFailedTests":0,"numPendingTests":0,"numTodoTests":0,"snapshot":{"added":0,"failure":false,"filesAdded":0,"filesRemoved":0,"filesRemovedList":[],"filesUnmatched":0,"filesUpdated":0,"matched":0,"total":0,"unchecked":0,"uncheckedKeysByFile":[],"unmatched":0,"updated":0,"didUpdate":false},"startTime":1787117168740,"success":true,"testResults":[{"assertionResults":[{"ancestorTitles":["complete synthetic diagnostic history"],"fullName":"complete synthetic diagnostic history runs three deterministic worlds through 2000 with invariant audits","status":"passed","title":"runs three deterministic worlds through 2000 with invariant audits","duration":1722.480912,"failureMessages":[],"meta":{}}],"startTime":1787117170441,"endTime":1787117172163.481,"status":"passed","message":"","name":"/home/bobby/echoes-simulator/tests/integration/diagnostic-run.test.ts"},{"assertionResults":[{"ancestorTitles":["personality reference snapshot"],"fullName":"personality reference snapshot matches the recorded source without runtime dependency","status":"passed","title":"matches the recorded source without runtime dependency","duration":3.9202210000000832,"failureMessages":[],"meta":{}}],"startTime":1787117170038,"endTime":1787117170041.9202,"status":"passed","message":"","name":"/home/bobby/echoes-simulator/tests/integration/personality-snapshot.test.ts"},{"assertionResults":[{"ancestorTitles":["owner input bundle preflight"],"fullName":"owner input bundle preflight loads all real records and fails canonical readiness for factual coverage","status":"passed","title":"loads all real records and fails canonical readiness for factual coverage","duration":1808.7520160000001,"failureMessages":[],"meta":{}}],"startTime":1787117170247,"endTime":1787117172055.752,"status":"passed","message":"","name":"/home/bobby/echoes-simulator/tests/integration/real-preflight.test.ts"},{"assertionResults":[{"ancestorTitles":["SQLite persistence"],"fullName":"SQLite persistence keeps runtime data in an explicit external directory and rejects duplicate event order","status":"passed","title":"keeps runtime data in an explicit external directory and rejects duplicate event order","duration":13.728612000000112,"failureMessages":[],"meta":{}}],"startTime":1787117170204,"endTime":1787117170217.7285,"status":"passed","message":"","name":"/home/bobby/echoes-simulator/tests/integration/sqlite-store.test.ts"},{"assertionResults":[{"ancestorTitles":["scoped deterministic core"],"fullName":"scoped deterministic core pins stable output and isolates scopes","status":"passed","title":"pins stable output and isolates scopes","duration":4.897568000000092,"failureMessages":[],"meta":{}},{"ancestorTitles":["scoped deterministic core"],"fullName":"scoped deterministic core preserves exact populations and rational boundaries","status":"passed","title":"preserves exact populations and rational boundaries","duration":2.809774999999945,"failureMessages":[],"meta":{}},{"ancestorTitles":["scoped deterministic core"],"fullName":"scoped deterministic core apportions with exact conservation","status":"passed","title":"apportions with exact conservation","duration":19.663555000000088,"failureMessages":[],"meta":{}}],"startTime":1787117170216,"endTime":1787117170243.6636,"status":"passed","message":"","name":"/home/bobby/echoes-simulator/tests/unit/deterministic-core.test.ts"},{"assertionResults":[{"ancestorTitles":["deterministic export"],"fullName":"deterministic export writes byte-stable BigInt-safe ZIPs and verifies checksums","status":"passed","title":"writes byte-stable BigInt-safe ZIPs and verifies checksums","duration":227.11844599999995,"failureMessages":[],"meta":{}},{"ancestorTitles":["deterministic export"],"fullName":"deterministic export rejects unknown export schemas and duplicate consumer event identities","status":"passed","title":"rejects unknown export schemas and duplicate consumer event identities","duration":109.12662699999987,"failureMessages":[],"meta":{}}],"startTime":1787117170266,"endTime":1787117170607.1267,"status":"passed","message":"","name":"/home/bobby/echoes-simulator/tests/unit/export.test.ts"},{"assertionResults":[{"ancestorTitles":["local historical mechanics"],"fullName":"local historical mechanics allocates exactly and applies BigInt growth","status":"passed","title":"allocates exactly and applies BigInt growth","duration":51.86177399999997,"failureMessages":[],"meta":{}},{"ancestorTitles":["local historical mechanics"],"fullName":"local historical mechanics projects exact thresholds and complete forms","status":"passed","title":"projects exact thresholds and complete forms","duration":13.19771199999991,"failureMessages":[],"meta":{}},{"ancestorTitles":["local historical mechanics"],"fullName":"local historical mechanics keeps latch consumption and social totals exact","status":"passed","title":"keeps latch consumption and social totals exact","duration":1.6733090000000175,"failureMessages":[],"meta":{}},{"ancestorTitles":["flow, shared history, and institutions"],"fullName":"flow, shared history, and institutions classifies terrain without guessing","status":"passed","title":"classifies terrain without guessing","duration":1.7301290000000336,"failureMessages":[],"meta":{}},{"ancestorTitles":["flow, shared history, and institutions"],"fullName":"flow, shared history, and institutions caps simultaneous transfers and conserves population","status":"passed","title":"caps simultaneous transfers and conserves population","duration":5.48141099999998,"failureMessages":[],"meta":{}},{"ancestorTitles":["flow, shared history, and institutions"],"fullName":"flow, shared history, and institutions resolves one shared calendar and institution schedules","status":"passed","title":"resolves one shared calendar and institution schedules","duration":26.28541099999984,"failureMessages":[],"meta":{}}],"startTime":1787117170434,"endTime":1787117170541.2854,"status":"passed","message":"","name":"/home/bobby/echoes-simulator/tests/unit/historical-mechanics.test.ts"},{"assertionResults":[{"ancestorTitles":["Breed remediation precedence"],"fullName":"Breed remediation precedence keeps remediated nulls while retaining whitelisted legacy metadata","status":"passed","title":"keeps remediated nulls while retaining whitelisted legacy metadata","duration":7.604282999999896,"failureMessages":[],"meta":{}},{"ancestorTitles":["Breed remediation precedence"],"fullName":"Breed remediation precedence rejects identity disagreement and unsafe ZIP names","status":"passed","title":"rejects identity disagreement and unsafe ZIP names","duration":4.365235000000212,"failureMessages":[],"meta":{}}],"startTime":1787117170264,"endTime":1787117170276.3652,"status":"passed","message":"","name":"/home/bobby/echoes-simulator/tests/unit/input-merge.test.ts"},{"assertionResults":[{"ancestorTitles":["lifecycle and event contracts"],"fullName":"lifecycle and event contracts enforces legal transitions and run gates","status":"passed","title":"enforces legal transitions and run gates","duration":7.977898999999979,"failureMessages":[],"meta":{}},{"ancestorTitles":["lifecycle and event contracts"],"fullName":"lifecycle and event contracts sorts events and creates stable identities/digests","status":"passed","title":"sorts events and creates stable identities/digests","duration":40.399750999999924,"failureMessages":[],"meta":{}}],"startTime":1787117170262,"endTime":1787117170310.3997,"status":"passed","message":"","name":"/home/bobby/echoes-simulator/tests/unit/lifecycle-events.test.ts"},{"assertionResults":[{"ancestorTitles":["blocking naming workflow"],"fullName":"blocking naming workflow does not regenerate fixed city names and produces a stable prompt","status":"passed","title":"does not regenerate fixed city names and produces a stable prompt","duration":37.114815000000135,"failureMessages":[],"meta":{}},{"ancestorTitles":["blocking naming workflow"],"fullName":"blocking naming workflow rejects missing, extra, and factual response fields","status":"passed","title":"rejects missing, extra, and factual response fields","duration":10.71272799999997,"failureMessages":[],"meta":{}}],"startTime":1787117170366,"endTime":1787117170413.7126,"status":"passed","message":"","name":"/home/bobby/echoes-simulator/tests/unit/naming.test.ts"},{"assertionResults":[{"ancestorTitles":["worker and renderer security"],"fullName":"worker and renderer security rejects unknown worker schema versions","status":"passed","title":"rejects unknown worker schema versions","duration":10.935429999999997,"failureMessages":[],"meta":{}},{"ancestorTitles":["worker and renderer security"],"fullName":"worker and renderer security pins Electron isolation and a narrow preload","status":"passed","title":"pins Electron isolation and a narrow preload","duration":1.8525660000000244,"failureMessages":[],"meta":{}}],"startTime":1787117170328,"endTime":1787117170340.8525,"status":"passed","message":"","name":"/home/bobby/echoes-simulator/tests/unit/worker-security.test.ts"}]}